<?xml version="1.0" encoding="UTF-8"?>
<!-- Generated by org.testng.reporters.JUnitXMLReporter -->
<testsuite hostname="NaviraFaisel" ignored="0" name="RHTestNGMavenJenkinsTest" tests="3" failures="0" timestamp="29 Dec 2018 23:07:26 GMT" time="19.731" errors="0">
  <testcase name="login" time="5.948" classname="RHTestNGMavenJenkins.RHMvnJnkns"/>
  <testcase name="findStockValue" time="3.217" classname="RHTestNGMavenJenkins.RHMvnJnkns"/>
  <testcase name="findCurrentBuyingPower" time="1.086" classname="RHTestNGMavenJenkins.RHMvnJnkns"/>
</testsuite> <!-- RHTestNGMavenJenkinsTest -->
