<?xml version="1.0" encoding="UTF-8"?>
<!-- Generated by org.testng.reporters.JUnitXMLReporter -->
<testsuite hostname="NaviraFaisel" ignored="0" name="RHTestNGMavenJenkinsTest" tests="3" failures="0" timestamp="30 Dec 2018 12:17:38 GMT" time="22.491" errors="0">
  <testcase name="login" time="8.243" classname="RHTestNGMavenJenkins.RHMvnJnkns"/>
  <testcase name="findStockValue" time="2.699" classname="RHTestNGMavenJenkins.RHMvnJnkns"/>
  <testcase name="findCurrentBuyingPower" time="1.088" classname="RHTestNGMavenJenkins.RHMvnJnkns"/>
</testsuite> <!-- RHTestNGMavenJenkinsTest -->
