<?xml version="1.0" encoding="UTF-8"?>
<testng-results skipped="0" failed="0" ignored="0" total="3" passed="3">
  <reporter-output>
  </reporter-output>
  <suite name="RHTestNGMavenJenkinsSuite" duration-ms="22491" started-at="2018-12-30T12:17:15Z" finished-at="2018-12-30T12:17:38Z">
    <groups>
    </groups>
    <test name="RHTestNGMavenJenkinsTest" duration-ms="22491" started-at="2018-12-30T12:17:15Z" finished-at="2018-12-30T12:17:38Z">
      <class name="RHTestNGMavenJenkins.RHMvnJnkns">
        <test-method status="PASS" signature="getData(java.lang.String, java.lang.String, java.lang.String, java.lang.String, java.lang.String, java.lang.String, java.lang.String, java.lang.String)[pri:0, instance:RHTestNGMavenJenkins.RHMvnJnkns@5e5792a0]" name="getData" is-config="true" duration-ms="16" started-at="2018-12-30T12:17:15Z" finished-at="2018-12-30T12:17:15Z">
          <params>
            <param index="0">
              <value>
                <![CDATA[https://www.robinhood.com]]>
              </value>
            </param>
            <param index="1">
              <value>
                <![CDATA[webdriver.chrome.driver]]>
              </value>
            </param>
            <param index="2">
              <value>
                <![CDATA[C:\\Users\\faiz1\\Desktop\\Selenium\\chromedriver.exe]]>
              </value>
            </param>
            <param index="3">
              <value>
                <![CDATA[https://robinhood.com/login]]>
              </value>
            </param>
            <param index="4">
              <value>
                <![CDATA[Log In]]>
              </value>
            </param>
            <param index="5">
              <value>
                <![CDATA[faiz1985@gmail.com]]>
              </value>
            </param>
            <param index="6">
              <value>
                <![CDATA[Novem*2018]]>
              </value>
            </param>
            <param index="7">
              <value>
                <![CDATA[_1q0oQo76jB7KFKWPCMPzDW]]>
              </value>
            </param>
          </params>
          <reporter-output>
          </reporter-output>
        </test-method> <!-- getData -->
        <test-method status="PASS" signature="initializeBrowser()[pri:0, instance:RHTestNGMavenJenkins.RHMvnJnkns@5e5792a0]" name="initializeBrowser" is-config="true" duration-ms="7371" started-at="2018-12-30T12:17:15Z" finished-at="2018-12-30T12:17:22Z">
          <reporter-output>
          </reporter-output>
        </test-method> <!-- initializeBrowser -->
        <test-method status="PASS" signature="login()[pri:1, instance:RHTestNGMavenJenkins.RHMvnJnkns@5e5792a0]" name="login" duration-ms="8243" started-at="2018-12-30T12:17:22Z" finished-at="2018-12-30T12:17:31Z">
          <reporter-output>
          </reporter-output>
        </test-method> <!-- login -->
        <test-method status="PASS" signature="findStockValue()[pri:2, instance:RHTestNGMavenJenkins.RHMvnJnkns@5e5792a0]" name="findStockValue" duration-ms="2699" started-at="2018-12-30T12:17:31Z" depends-on-methods="RHTestNGMavenJenkins.RHMvnJnkns.login" finished-at="2018-12-30T12:17:33Z">
          <reporter-output>
          </reporter-output>
        </test-method> <!-- findStockValue -->
        <test-method status="PASS" signature="findCurrentBuyingPower()[pri:3, instance:RHTestNGMavenJenkins.RHMvnJnkns@5e5792a0]" name="findCurrentBuyingPower" duration-ms="1088" started-at="2018-12-30T12:17:33Z" depends-on-methods="RHTestNGMavenJenkins.RHMvnJnkns.login" finished-at="2018-12-30T12:17:34Z">
          <reporter-output>
          </reporter-output>
        </test-method> <!-- findCurrentBuyingPower -->
        <test-method status="PASS" signature="closeBrowser()[pri:0, instance:RHTestNGMavenJenkins.RHMvnJnkns@5e5792a0]" name="closeBrowser" is-config="true" duration-ms="3069" started-at="2018-12-30T12:17:34Z" finished-at="2018-12-30T12:17:38Z">
          <reporter-output>
          </reporter-output>
        </test-method> <!-- closeBrowser -->
      </class> <!-- RHTestNGMavenJenkins.RHMvnJnkns -->
    </test> <!-- RHTestNGMavenJenkinsTest -->
  </suite> <!-- RHTestNGMavenJenkinsSuite -->
</testng-results>
